<?xml version="1.0" encoding="UTF-8"?>
<testsuite xmlns:xsi="http://www.w3.org/2001/XMLSchema-instance" xsi:noNamespaceSchemaLocation="https://maven.apache.org/surefire/maven-surefire-plugin/xsd/surefire-test-report.xsd" version="3.0.1" name="labxx.sict.must.edu.mn.MultiplicationTest" time="0.008" tests="2" errors="0" skipped="0" failures="0">
  <properties>
[...]
</properties>
  <testcase name="testMultiplyPositive" classname="labxx.sict.must.edu.mn.MultiplicationTest" time="0.003"/>
  <testcase name="testMultiplyNegative" classname="labxx.sict.must.edu.mn.MultiplicationTest" time="0.001"/>
</testsuite>